<?xml version="1.0" encoding="UTF-8"?>
<!-- Generated by org.testng.reporters.JUnitReportReporter -->
<testsuite skipped="0" hostname="Automation-Lab" name="tests.CartTests" tests="1" failures="0" timestamp="30 Mar 2017 00:17:05 GMT" time="10.901" errors="0">
  <testcase name="AddProductToCartFromProductItemOnFeatureProducts" time="10.901" classname="tests.CartTests"/>
</testsuite> <!-- tests.CartTests -->
